<?xml version="1.0" encoding="UTF-8"?>
<!-- Generated by org.testng.reporters.JUnitXMLReporter -->
<testsuite ignored="3" hostname="VIVAKs-Air" failures="0" tests="1" name="Default test" time="59.236" errors="0" timestamp="20 Apr 2021 11:34:45 GMT">
  <testcase classname="tests.TestCases" name="TC3_VerifyAllPages" time="50.103"/>
  <testcase classname="tests.TestCases" name="TC1_RegisterUser" time="0.0">
    <ignored/>
  </testcase> <!-- TC1_RegisterUser -->
  <testcase classname="tests.TestCases" name="TC2_ExistingUser" time="0.0">
    <ignored/>
  </testcase> <!-- TC2_ExistingUser -->
  <testcase classname="tests.TestCases" name="TC4_VerifyJourney" time="0.0">
    <ignored/>
  </testcase> <!-- TC4_VerifyJourney -->
</testsuite> <!-- Default test -->
