<?xml version="1.0" encoding="UTF-8"?>
<testng-results ignored="3" total="4" passed="1" failed="0" skipped="0">
  <reporter-output>
  </reporter-output>
  <suite started-at="2021-04-20T11:33:45Z" name="Default suite" finished-at="2021-04-20T11:34:45Z" duration-ms="59236">
    <groups>
    </groups>
    <test started-at="2021-04-20T11:33:45Z" name="Default test" finished-at="2021-04-20T11:34:45Z" duration-ms="59236">
      <class name="tests.TestCases">
        <test-method is-config="true" signature="setup()[pri:0, instance:tests.TestCases@5026735c]" started-at="2021-04-20T11:33:45Z" name="setup" finished-at="2021-04-20T11:33:45Z" duration-ms="4" status="PASS">
          <reporter-output>
          </reporter-output>
        </test-method> <!-- setup -->
        <test-method is-config="true" signature="init()[pri:0, instance:tests.TestCases@5026735c]" started-at="2021-04-20T11:33:45Z" name="init" finished-at="2021-04-20T11:33:54Z" duration-ms="8715" status="PASS">
          <reporter-output>
          </reporter-output>
        </test-method> <!-- init -->
        <test-method signature="TC3_VerifyAllPages()[pri:3, instance:tests.TestCases@5026735c]" started-at="2021-04-20T11:33:54Z" name="TC3_VerifyAllPages" finished-at="2021-04-20T11:34:44Z" duration-ms="50103" status="PASS">
          <reporter-output>
          </reporter-output>
        </test-method> <!-- TC3_VerifyAllPages -->
        <test-method is-config="true" signature="aftereachtestcase()[pri:0, instance:tests.TestCases@5026735c]" started-at="2021-04-20T11:34:44Z" name="aftereachtestcase" finished-at="2021-04-20T11:34:45Z" duration-ms="388" status="PASS">
          <reporter-output>
          </reporter-output>
        </test-method> <!-- aftereachtestcase -->
        <test-method is-config="true" signature="tesrDown()[pri:0, instance:tests.TestCases@5026735c]" started-at="2021-04-20T11:34:45Z" name="tesrDown" finished-at="2021-04-20T11:34:45Z" duration-ms="0" status="PASS">
          <reporter-output>
          </reporter-output>
        </test-method> <!-- tesrDown -->
      </class> <!-- tests.TestCases -->
    </test> <!-- Default test -->
  </suite> <!-- Default suite -->
</testng-results>
